The system is: Windows - 10.0.19041 - AMD64
Compiling the C compiler identification source file "CMakeCCompilerId.c" succeeded.
Compiler: C:/Program Files (x86)/Microsoft Visual Studio/2019/VC/Tools/MSVC/14.28.29333/bin/Hostx64/x64/cl.exe 
Build flags: 
Id flags:  

The output was:
0
Compilateur d'optimisation Microsoft (R) C/C++ version 19.28.29334 pour x64
Copyright (C) Microsoft Corporation. Tous droits réservés.

CMakeCCompilerId.c
Microsoft (R) Incremental Linker Version 14.28.29334.0
Copyright (C) Microsoft Corporation.  All rights reserved.

/out:CMakeCCompilerId.exe 
CMakeCCompilerId.obj 


Compilation of the C compiler identification source "CMakeCCompilerId.c" produced "CMakeCCompilerId.exe"

Compilation of the C compiler identification source "CMakeCCompilerId.c" produced "CMakeCCompilerId.obj"

The C compiler identification is MSVC, found in "C:/Users/drick/source/repos/drick0230/AVCs/src/AVCs_5/out/build/x64-Release/CMakeFiles/3.18.20081302-MSVC_2/CompilerIdC/CMakeCCompilerId.exe"

Compiling the CXX compiler identification source file "CMakeCXXCompilerId.cpp" succeeded.
Compiler: C:/Program Files (x86)/Microsoft Visual Studio/2019/VC/Tools/MSVC/14.28.29333/bin/Hostx64/x64/cl.exe 
Build flags: 
Id flags:  

The output was:
0
Compilateur d'optimisation Microsoft (R) C/C++ version 19.28.29334 pour x64
Copyright (C) Microsoft Corporation. Tous droits réservés.

CMakeCXXCompilerId.cpp
Microsoft (R) Incremental Linker Version 14.28.29334.0
Copyright (C) Microsoft Corporation.  All rights reserved.

/out:CMakeCXXCompilerId.exe 
CMakeCXXCompilerId.obj 


Compilation of the CXX compiler identification source "CMakeCXXCompilerId.cpp" produced "CMakeCXXCompilerId.exe"

Compilation of the CXX compiler identification source "CMakeCXXCompilerId.cpp" produced "CMakeCXXCompilerId.obj"

The CXX compiler identification is MSVC, found in "C:/Users/drick/source/repos/drick0230/AVCs/src/AVCs_5/out/build/x64-Release/CMakeFiles/3.18.20081302-MSVC_2/CompilerIdCXX/CMakeCXXCompilerId.exe"

Detecting C compiler ABI info compiled with the following output:
Change Dir: C:/Users/drick/source/repos/drick0230/AVCs/src/AVCs_5/out/build/x64-Release/CMakeFiles/CMakeTmp

Run Build Command(s):C:/Program Files (x86)/Microsoft Visual Studio/2019/Common7/IDE/CommonExtensions/Microsoft/CMake/Ninja/ninja.exe cmTC_0fe8f && [1/2] Building C object CMakeFiles\cmTC_0fe8f.dir\CMakeCCompilerABI.c.obj
Remarque : inclusion du fichier :  C:\Program Files (x86)\Microsoft Visual Studio\2019\Common7\IDE\CommonExtensions\Microsoft\CMake\CMake\share\cmake-3.18\Modules\CMakeCompilerABI.h
[2/2] Linking C executable cmTC_0fe8f.exe



Detecting CXX compiler ABI info compiled with the following output:
Change Dir: C:/Users/drick/source/repos/drick0230/AVCs/src/AVCs_5/out/build/x64-Release/CMakeFiles/CMakeTmp

Run Build Command(s):C:/Program Files (x86)/Microsoft Visual Studio/2019/Common7/IDE/CommonExtensions/Microsoft/CMake/Ninja/ninja.exe cmTC_321d2 && [1/2] Building CXX object CMakeFiles\cmTC_321d2.dir\CMakeCXXCompilerABI.cpp.obj
Remarque : inclusion du fichier :  C:\Program Files (x86)\Microsoft Visual Studio\2019\Common7\IDE\CommonExtensions\Microsoft\CMake\CMake\share\cmake-3.18\Modules\CMakeCompilerABI.h
[2/2] Linking CXX executable cmTC_321d2.exe



Determining if the include file sys/types.h exists passed with the following output:
Change Dir: C:/Users/drick/source/repos/drick0230/AVCs/src/AVCs_5/out/build/x64-Release/CMakeFiles/CMakeTmp

Run Build Command(s):C:/Program Files (x86)/Microsoft Visual Studio/2019/Common7/IDE/CommonExtensions/Microsoft/CMake/Ninja/ninja.exe cmTC_545ec && [1/2] Building C object CMakeFiles\cmTC_545ec.dir\CheckIncludeFile.c.obj
Remarque : inclusion du fichier :  C:\Program Files (x86)\Windows Kits\10\include\10.0.18362.0\ucrt\sys/types.h
[2/2] Linking C executable cmTC_545ec.exe



Determining if the include file stdint.h exists passed with the following output:
Change Dir: C:/Users/drick/source/repos/drick0230/AVCs/src/AVCs_5/out/build/x64-Release/CMakeFiles/CMakeTmp

Run Build Command(s):C:/Program Files (x86)/Microsoft Visual Studio/2019/Common7/IDE/CommonExtensions/Microsoft/CMake/Ninja/ninja.exe cmTC_4b93a && [1/2] Building C object CMakeFiles\cmTC_4b93a.dir\CheckIncludeFile.c.obj
Remarque : inclusion du fichier :  C:\Program Files (x86)\Microsoft Visual Studio\2019\VC\Tools\MSVC\14.28.29333\include\stdint.h
Remarque : inclusion du fichier :   C:\Program Files (x86)\Microsoft Visual Studio\2019\VC\Tools\MSVC\14.28.29333\include\vcruntime.h
Remarque : inclusion du fichier :    C:\Program Files (x86)\Microsoft Visual Studio\2019\VC\Tools\MSVC\14.28.29333\include\sal.h
Remarque : inclusion du fichier :     C:\Program Files (x86)\Microsoft Visual Studio\2019\VC\Tools\MSVC\14.28.29333\include\concurrencysal.h
Remarque : inclusion du fichier :    C:\Program Files (x86)\Microsoft Visual Studio\2019\VC\Tools\MSVC\14.28.29333\include\vadefs.h
[2/2] Linking C executable cmTC_4b93a.exe



Determining if the include file stddef.h exists passed with the following output:
Change Dir: C:/Users/drick/source/repos/drick0230/AVCs/src/AVCs_5/out/build/x64-Release/CMakeFiles/CMakeTmp

Run Build Command(s):C:/Program Files (x86)/Microsoft Visual Studio/2019/Common7/IDE/CommonExtensions/Microsoft/CMake/Ninja/ninja.exe cmTC_9c6b9 && [1/2] Building C object CMakeFiles\cmTC_9c6b9.dir\CheckIncludeFile.c.obj
Remarque : inclusion du fichier :  C:\Program Files (x86)\Windows Kits\10\include\10.0.18362.0\ucrt\stddef.h
Remarque : inclusion du fichier :   C:\Program Files (x86)\Windows Kits\10\include\10.0.18362.0\ucrt\corecrt.h
Remarque : inclusion du fichier :    C:\Program Files (x86)\Microsoft Visual Studio\2019\VC\Tools\MSVC\14.28.29333\include\vcruntime.h
Remarque : inclusion du fichier :     C:\Program Files (x86)\Microsoft Visual Studio\2019\VC\Tools\MSVC\14.28.29333\include\sal.h
Remarque : inclusion du fichier :      C:\Program Files (x86)\Microsoft Visual Studio\2019\VC\Tools\MSVC\14.28.29333\include\concurrencysal.h
Remarque : inclusion du fichier :     C:\Program Files (x86)\Microsoft Visual Studio\2019\VC\Tools\MSVC\14.28.29333\include\vadefs.h
[2/2] Linking C executable cmTC_9c6b9.exe



Determining size of void* passed with the following output:
Change Dir: C:/Users/drick/source/repos/drick0230/AVCs/src/AVCs_5/out/build/x64-Release/CMakeFiles/CMakeTmp

Run Build Command(s):C:/Program Files (x86)/Microsoft Visual Studio/2019/Common7/IDE/CommonExtensions/Microsoft/CMake/Ninja/ninja.exe cmTC_acfb2 && [1/2] Building C object CMakeFiles\cmTC_acfb2.dir\SIZEOF_VOID_PTR.c.obj
Remarque : inclusion du fichier :  C:\Program Files (x86)\Windows Kits\10\include\10.0.18362.0\ucrt\sys/types.h
Remarque : inclusion du fichier :  C:\Program Files (x86)\Microsoft Visual Studio\2019\VC\Tools\MSVC\14.28.29333\include\stdint.h
Remarque : inclusion du fichier :   C:\Program Files (x86)\Microsoft Visual Studio\2019\VC\Tools\MSVC\14.28.29333\include\vcruntime.h
Remarque : inclusion du fichier :    C:\Program Files (x86)\Microsoft Visual Studio\2019\VC\Tools\MSVC\14.28.29333\include\sal.h
Remarque : inclusion du fichier :     C:\Program Files (x86)\Microsoft Visual Studio\2019\VC\Tools\MSVC\14.28.29333\include\concurrencysal.h
Remarque : inclusion du fichier :    C:\Program Files (x86)\Microsoft Visual Studio\2019\VC\Tools\MSVC\14.28.29333\include\vadefs.h
Remarque : inclusion du fichier :  C:\Program Files (x86)\Windows Kits\10\include\10.0.18362.0\ucrt\stddef.h
Remarque : inclusion du fichier :   C:\Program Files (x86)\Windows Kits\10\include\10.0.18362.0\ucrt\corecrt.h
[2/2] Linking C executable cmTC_acfb2.exe



