The system is: Windows - 10.0.19041 - AMD64
Compiling the C compiler identification source file "CMakeCCompilerId.c" succeeded.
Compiler: C:/Program Files (x86)/Microsoft Visual Studio/2019/VC/Tools/MSVC/14.28.29333/bin/Hostx64/x64/cl.exe 
Build flags: 
Id flags:  

The output was:
0
Compilateur d'optimisation Microsoft (R) C/C++ version 19.28.29334 pour x64
Copyright (C) Microsoft Corporation. Tous droits réservés.

CMakeCCompilerId.c
Microsoft (R) Incremental Linker Version 14.28.29334.0
Copyright (C) Microsoft Corporation.  All rights reserved.

/out:CMakeCCompilerId.exe 
CMakeCCompilerId.obj 


Compilation of the C compiler identification source "CMakeCCompilerId.c" produced "CMakeCCompilerId.exe"

Compilation of the C compiler identification source "CMakeCCompilerId.c" produced "CMakeCCompilerId.obj"

The C compiler identification is MSVC, found in "C:/Users/drick/source/repos/AVCs_5/out/build/x64-Debug (par défaut)/CMakeFiles/3.18.20081302-MSVC_2/CompilerIdC/CMakeCCompilerId.exe"

Compiling the CXX compiler identification source file "CMakeCXXCompilerId.cpp" succeeded.
Compiler: C:/Program Files (x86)/Microsoft Visual Studio/2019/VC/Tools/MSVC/14.28.29333/bin/Hostx64/x64/cl.exe 
Build flags: 
Id flags:  

The output was:
0
Compilateur d'optimisation Microsoft (R) C/C++ version 19.28.29334 pour x64
Copyright (C) Microsoft Corporation. Tous droits réservés.

CMakeCXXCompilerId.cpp
Microsoft (R) Incremental Linker Version 14.28.29334.0
Copyright (C) Microsoft Corporation.  All rights reserved.

/out:CMakeCXXCompilerId.exe 
CMakeCXXCompilerId.obj 


Compilation of the CXX compiler identification source "CMakeCXXCompilerId.cpp" produced "CMakeCXXCompilerId.exe"

Compilation of the CXX compiler identification source "CMakeCXXCompilerId.cpp" produced "CMakeCXXCompilerId.obj"

The CXX compiler identification is MSVC, found in "C:/Users/drick/source/repos/AVCs_5/out/build/x64-Debug (par défaut)/CMakeFiles/3.18.20081302-MSVC_2/CompilerIdCXX/CMakeCXXCompilerId.exe"

Detecting C compiler ABI info compiled with the following output:
Change Dir: C:/Users/drick/source/repos/AVCs_5/out/build/x64-Debug (par défaut)/CMakeFiles/CMakeTmp

Run Build Command(s):C:/Program Files (x86)/Microsoft Visual Studio/2019/Common7/IDE/CommonExtensions/Microsoft/CMake/Ninja/ninja.exe cmTC_8a0f4 && [1/2] Building C object CMakeFiles\cmTC_8a0f4.dir\CMakeCCompilerABI.c.obj
Remarque : inclusion du fichier :  C:\Program Files (x86)\Microsoft Visual Studio\2019\Common7\IDE\CommonExtensions\Microsoft\CMake\CMake\share\cmake-3.18\Modules\CMakeCompilerABI.h
[2/2] Linking C executable cmTC_8a0f4.exe



Detecting CXX compiler ABI info compiled with the following output:
Change Dir: C:/Users/drick/source/repos/AVCs_5/out/build/x64-Debug (par défaut)/CMakeFiles/CMakeTmp

Run Build Command(s):C:/Program Files (x86)/Microsoft Visual Studio/2019/Common7/IDE/CommonExtensions/Microsoft/CMake/Ninja/ninja.exe cmTC_8ea78 && [1/2] Building CXX object CMakeFiles\cmTC_8ea78.dir\CMakeCXXCompilerABI.cpp.obj
Remarque : inclusion du fichier :  C:\Program Files (x86)\Microsoft Visual Studio\2019\Common7\IDE\CommonExtensions\Microsoft\CMake\CMake\share\cmake-3.18\Modules\CMakeCompilerABI.h
[2/2] Linking CXX executable cmTC_8ea78.exe



Determining if the include file sys/types.h exists passed with the following output:
Change Dir: C:/Users/drick/source/repos/AVCs_5/out/build/x64-Debug (par défaut)/CMakeFiles/CMakeTmp

Run Build Command(s):C:/Program Files (x86)/Microsoft Visual Studio/2019/Common7/IDE/CommonExtensions/Microsoft/CMake/Ninja/ninja.exe cmTC_60663 && [1/2] Building C object CMakeFiles\cmTC_60663.dir\CheckIncludeFile.c.obj
Remarque : inclusion du fichier :  C:\Program Files (x86)\Windows Kits\10\include\10.0.18362.0\ucrt\sys/types.h
[2/2] Linking C executable cmTC_60663.exe



Determining if the include file stdint.h exists passed with the following output:
Change Dir: C:/Users/drick/source/repos/AVCs_5/out/build/x64-Debug (par défaut)/CMakeFiles/CMakeTmp

Run Build Command(s):C:/Program Files (x86)/Microsoft Visual Studio/2019/Common7/IDE/CommonExtensions/Microsoft/CMake/Ninja/ninja.exe cmTC_c34d1 && [1/2] Building C object CMakeFiles\cmTC_c34d1.dir\CheckIncludeFile.c.obj
Remarque : inclusion du fichier :  C:\Program Files (x86)\Microsoft Visual Studio\2019\VC\Tools\MSVC\14.28.29333\include\stdint.h
Remarque : inclusion du fichier :   C:\Program Files (x86)\Microsoft Visual Studio\2019\VC\Tools\MSVC\14.28.29333\include\vcruntime.h
Remarque : inclusion du fichier :    C:\Program Files (x86)\Microsoft Visual Studio\2019\VC\Tools\MSVC\14.28.29333\include\sal.h
Remarque : inclusion du fichier :     C:\Program Files (x86)\Microsoft Visual Studio\2019\VC\Tools\MSVC\14.28.29333\include\concurrencysal.h
Remarque : inclusion du fichier :    C:\Program Files (x86)\Microsoft Visual Studio\2019\VC\Tools\MSVC\14.28.29333\include\vadefs.h
[2/2] Linking C executable cmTC_c34d1.exe



Determining if the include file stddef.h exists passed with the following output:
Change Dir: C:/Users/drick/source/repos/AVCs_5/out/build/x64-Debug (par défaut)/CMakeFiles/CMakeTmp

Run Build Command(s):C:/Program Files (x86)/Microsoft Visual Studio/2019/Common7/IDE/CommonExtensions/Microsoft/CMake/Ninja/ninja.exe cmTC_81e3f && [1/2] Building C object CMakeFiles\cmTC_81e3f.dir\CheckIncludeFile.c.obj
Remarque : inclusion du fichier :  C:\Program Files (x86)\Windows Kits\10\include\10.0.18362.0\ucrt\stddef.h
Remarque : inclusion du fichier :   C:\Program Files (x86)\Windows Kits\10\include\10.0.18362.0\ucrt\corecrt.h
Remarque : inclusion du fichier :    C:\Program Files (x86)\Microsoft Visual Studio\2019\VC\Tools\MSVC\14.28.29333\include\vcruntime.h
Remarque : inclusion du fichier :     C:\Program Files (x86)\Microsoft Visual Studio\2019\VC\Tools\MSVC\14.28.29333\include\sal.h
Remarque : inclusion du fichier :      C:\Program Files (x86)\Microsoft Visual Studio\2019\VC\Tools\MSVC\14.28.29333\include\concurrencysal.h
Remarque : inclusion du fichier :     C:\Program Files (x86)\Microsoft Visual Studio\2019\VC\Tools\MSVC\14.28.29333\include\vadefs.h
[2/2] Linking C executable cmTC_81e3f.exe



Determining size of void* passed with the following output:
Change Dir: C:/Users/drick/source/repos/AVCs_5/out/build/x64-Debug (par défaut)/CMakeFiles/CMakeTmp

Run Build Command(s):C:/Program Files (x86)/Microsoft Visual Studio/2019/Common7/IDE/CommonExtensions/Microsoft/CMake/Ninja/ninja.exe cmTC_ff0ef && [1/2] Building C object CMakeFiles\cmTC_ff0ef.dir\SIZEOF_VOID_PTR.c.obj
Remarque : inclusion du fichier :  C:\Program Files (x86)\Windows Kits\10\include\10.0.18362.0\ucrt\sys/types.h
Remarque : inclusion du fichier :  C:\Program Files (x86)\Microsoft Visual Studio\2019\VC\Tools\MSVC\14.28.29333\include\stdint.h
Remarque : inclusion du fichier :   C:\Program Files (x86)\Microsoft Visual Studio\2019\VC\Tools\MSVC\14.28.29333\include\vcruntime.h
Remarque : inclusion du fichier :    C:\Program Files (x86)\Microsoft Visual Studio\2019\VC\Tools\MSVC\14.28.29333\include\sal.h
Remarque : inclusion du fichier :     C:\Program Files (x86)\Microsoft Visual Studio\2019\VC\Tools\MSVC\14.28.29333\include\concurrencysal.h
Remarque : inclusion du fichier :    C:\Program Files (x86)\Microsoft Visual Studio\2019\VC\Tools\MSVC\14.28.29333\include\vadefs.h
Remarque : inclusion du fichier :  C:\Program Files (x86)\Windows Kits\10\include\10.0.18362.0\ucrt\stddef.h
Remarque : inclusion du fichier :   C:\Program Files (x86)\Windows Kits\10\include\10.0.18362.0\ucrt\corecrt.h
[2/2] Linking C executable cmTC_ff0ef.exe



